Using pre-set license
Built from '2020.3/staging' branch; Version is '2020.3.9f1 (108be757e447) revision 1084391'; Using compiler version '192528614'; Build Type 'Release'
OS: 'Windows 10 Home; OS build 19043.1052; Version 2009; 64bit' Language: 'en' Physical Memory: 16106 MB
BatchMode: 1, IsHumanControllingUs: 0, StartBugReporterOnCrash: 0, Is64bit: 1, IsPro: 0

 COMMAND LINE ARGUMENTS:
C:\Program Files\Unity\Hub\Editor\2020.3.9f1\Editor\Unity.exe
-adb2
-batchMode
-noUpm
-name
AssetImportWorker0
-projectPath
C:/Users/banve/Desktop/Create with Code/GITHUB/Modernising-a-Classic
-logFile
Logs/AssetImportWorker0.log
-srvPort
51921
Successfully changed project path to: C:/Users/banve/Desktop/Create with Code/GITHUB/Modernising-a-Classic
C:/Users/banve/Desktop/Create with Code/GITHUB/Modernising-a-Classic
Using Asset Import Pipeline V2.
Refreshing native plugins compatible for Editor in 59.37 ms, found 0 plugins.
Preloading 0 native plugins for Editor in 0.00 ms.
Initialize engine version: 2020.3.9f1 (108be757e447)
[Subsystems] Discovering subsystems at path C:/Program Files/Unity/Hub/Editor/2020.3.9f1/Editor/Data/Resources/UnitySubsystems
[Subsystems] Discovering subsystems at path C:/Users/banve/Desktop/Create with Code/GITHUB/Modernising-a-Classic/Assets
GfxDevice: creating device client; threaded=0
Direct3D:
    Version:  Direct3D 11.0 [level 11.1]
    Renderer: Intel(R) Iris(R) Xe Graphics (ID=0x9a49)
    Vendor:   
    VRAM:     8053 MB
    Driver:   27.20.100.9510
Initialize mono
Mono path[0] = 'C:/Program Files/Unity/Hub/Editor/2020.3.9f1/Editor/Data/Managed'
Mono path[1] = 'C:/Program Files/Unity/Hub/Editor/2020.3.9f1/Editor/Data/MonoBleedingEdge/lib/mono/unityjit'
Mono config path = 'C:/Program Files/Unity/Hub/Editor/2020.3.9f1/Editor/Data/MonoBleedingEdge/etc'
Using monoOptions --debugger-agent=transport=dt_socket,embedding=1,server=y,suspend=n,address=127.0.0.1:56092
Begin MonoManager ReloadAssembly
Registering precompiled unity dll's ...
Register platform support module: C:/Program Files/Unity/Hub/Editor/2020.3.9f1/Editor/Data/PlaybackEngines/WebGLSupport/UnityEditor.WebGL.Extensions.dll
Register platform support module: C:/Program Files/Unity/Hub/Editor/2020.3.9f1/Editor/Data/PlaybackEngines/WindowsStandaloneSupport/UnityEditor.WindowsStandalone.Extensions.dll
Registered in 0.004522 seconds.
Native extension for WindowsStandalone target not found
Native extension for WebGL target not found
Refreshing native plugins compatible for Editor in 44.67 ms, found 0 plugins.
Preloading 0 native plugins for Editor in 0.00 ms.
Mono: successfully reloaded assembly
- Completed reload, in  1.822 seconds
Platform modules already initialized, skipping
Registering precompiled user dll's ...
Registered in 0.002460 seconds.
Begin MonoManager ReloadAssembly
Native extension for WindowsStandalone target not found
Native extension for WebGL target not found
Refreshing native plugins compatible for Editor in 0.41 ms, found 0 plugins.
Preloading 0 native plugins for Editor in 0.00 ms.
Mono: successfully reloaded assembly
- Completed reload, in  2.374 seconds
Platform modules already initialized, skipping
========================================================================
Worker process is ready to serve import requests
Launched and connected shader compiler UnityShaderCompiler.exe after 0.05 seconds
Refreshing native plugins compatible for Editor in 0.37 ms, found 0 plugins.
Preloading 0 native plugins for Editor in 0.00 ms.
Unloading 1515 Unused Serialized files (Serialized files now loaded: 0)
System memory in use before: 78.6 MB.
System memory in use after: 78.7 MB.

Unloading 10 unused Assets to reduce memory usage. Loaded Objects now: 1965.
Total: 1.722400 ms (FindLiveObjects: 0.109200 ms CreateObjectMapping: 0.025900 ms MarkObjects: 1.515600 ms  DeleteObjects: 0.070200 ms)

========================================================================
Received Import Request.
  path: Assets/Prefabs/Horizontal 6.prefab
  artifactKey: Guid(fedf53fbc01a2594b9395e571d3d0a17) Importer(815301076,1909f56bfc062723c751e8b465ee728b)
Start importing Assets/Prefabs/Horizontal 6.prefab using Guid(fedf53fbc01a2594b9395e571d3d0a17) Importer(815301076,1909f56bfc062723c751e8b465ee728b)  -> (artifact id: '56bc6a0b1d95135210d96b5c7f98c46e') in 0.136765 seconds
  Import took 0.153396 seconds .

========================================================================
Received Import Request.
  Time since last request: 3.877096 seconds.
  path: Assets/Prefabs/Horizontal 1.prefab
  artifactKey: Guid(fedf53fbc01a2594b9395e571d3d0a17) Importer(815301076,1909f56bfc062723c751e8b465ee728b)
Start importing Assets/Prefabs/Horizontal 1.prefab using Guid(fedf53fbc01a2594b9395e571d3d0a17) Importer(815301076,1909f56bfc062723c751e8b465ee728b)  -> (artifact id: '01a62d154cf2aea414261c63a10c2172') in 0.018700 seconds
  Import took 0.022596 seconds .

========================================================================
Received Import Request.
  Time since last request: 41.075435 seconds.
  path: Assets/Prefabs/Vertical 1.prefab
  artifactKey: Guid(f4723adab24158d4189d552421921402) Importer(815301076,1909f56bfc062723c751e8b465ee728b)
Start importing Assets/Prefabs/Vertical 1.prefab using Guid(f4723adab24158d4189d552421921402) Importer(815301076,1909f56bfc062723c751e8b465ee728b)  -> (artifact id: 'f22a44dc12de8872da6dbba5ddcfa02f') in 0.014970 seconds
  Import took 0.019547 seconds .

========================================================================
Received Import Request.
  Time since last request: 18.489840 seconds.
  path: Assets/Prefabs/Horizontal 1.prefab
  artifactKey: Guid(fedf53fbc01a2594b9395e571d3d0a17) Importer(815301076,1909f56bfc062723c751e8b465ee728b)
Start importing Assets/Prefabs/Horizontal 1.prefab using Guid(fedf53fbc01a2594b9395e571d3d0a17) Importer(815301076,1909f56bfc062723c751e8b465ee728b)  -> (artifact id: '71476248d5659a92dc72392b50eb6707') in 0.012154 seconds
  Import took 0.016258 seconds .

========================================================================
Received Import Request.
  Time since last request: 25.427244 seconds.
  path: Assets/Prefabs/Vertical 6.prefab
  artifactKey: Guid(29fc7a7247e6a1b419edd7806b5a7052) Importer(815301076,1909f56bfc062723c751e8b465ee728b)
Start importing Assets/Prefabs/Vertical 6.prefab using Guid(29fc7a7247e6a1b419edd7806b5a7052) Importer(815301076,1909f56bfc062723c751e8b465ee728b)  -> (artifact id: '45145369379de3805689c01d23979e38') in 0.017286 seconds
  Import took 0.022055 seconds .

========================================================================
Received Import Request.
  Time since last request: 7.724778 seconds.
  path: Assets/Prefabs/Vertical 1.prefab
  artifactKey: Guid(29fc7a7247e6a1b419edd7806b5a7052) Importer(815301076,1909f56bfc062723c751e8b465ee728b)
Start importing Assets/Prefabs/Vertical 1.prefab using Guid(29fc7a7247e6a1b419edd7806b5a7052) Importer(815301076,1909f56bfc062723c751e8b465ee728b)  -> (artifact id: '99a692cd7e45d64b83ddb77aa704c50b') in 0.012128 seconds
  Import took 0.015319 seconds .

========================================================================
Received Prepare
Registering precompiled user dll's ...
Registered in 0.001259 seconds.
Begin MonoManager ReloadAssembly
Native extension for WindowsStandalone target not found
Native extension for WebGL target not found
Refreshing native plugins compatible for Editor in 0.73 ms, found 0 plugins.
Preloading 0 native plugins for Editor in 0.00 ms.
Mono: successfully reloaded assembly
- Completed reload, in  1.446 seconds
Platform modules already initialized, skipping
Refreshing native plugins compatible for Editor in 0.24 ms, found 0 plugins.
Preloading 0 native plugins for Editor in 0.00 ms.
Unloading 1503 Unused Serialized files (Serialized files now loaded: 0)
System memory in use before: 81.0 MB.
System memory in use after: 81.1 MB.

Unloading 5 unused Assets to reduce memory usage. Loaded Objects now: 1977.
Total: 2.269600 ms (FindLiveObjects: 0.204900 ms CreateObjectMapping: 0.044500 ms MarkObjects: 2.001000 ms  DeleteObjects: 0.017900 ms)

========================================================================
Received Prepare
Registering precompiled user dll's ...
Registered in 0.001368 seconds.
Begin MonoManager ReloadAssembly
Native extension for WindowsStandalone target not found
Native extension for WebGL target not found
Refreshing native plugins compatible for Editor in 0.46 ms, found 0 plugins.
Preloading 0 native plugins for Editor in 0.00 ms.
Mono: successfully reloaded assembly
- Completed reload, in  1.374 seconds
Platform modules already initialized, skipping
Refreshing native plugins compatible for Editor in 0.74 ms, found 0 plugins.
Preloading 0 native plugins for Editor in 0.00 ms.
Unloading 1503 Unused Serialized files (Serialized files now loaded: 0)
System memory in use before: 81.0 MB.
System memory in use after: 81.1 MB.

Unloading 5 unused Assets to reduce memory usage. Loaded Objects now: 1980.
Total: 1.899900 ms (FindLiveObjects: 0.140400 ms CreateObjectMapping: 0.036400 ms MarkObjects: 1.690800 ms  DeleteObjects: 0.031100 ms)

========================================================================
Received Import Request.
  Time since last request: 320.920466 seconds.
  path: Assets/Prefabs/Horizontal 1.prefab
  artifactKey: Guid(fedf53fbc01a2594b9395e571d3d0a17) Importer(815301076,1909f56bfc062723c751e8b465ee728b)
Start importing Assets/Prefabs/Horizontal 1.prefab using Guid(fedf53fbc01a2594b9395e571d3d0a17) Importer(815301076,1909f56bfc062723c751e8b465ee728b)  -> (artifact id: '2ba7cb16913cb902e32e93031ebf7767') in 0.073987 seconds
  Import took 0.079924 seconds .

========================================================================
Received Prepare
Registering precompiled user dll's ...
Registered in 0.001019 seconds.
Begin MonoManager ReloadAssembly
Native extension for WindowsStandalone target not found
Native extension for WebGL target not found
Refreshing native plugins compatible for Editor in 0.28 ms, found 0 plugins.
Preloading 0 native plugins for Editor in 0.00 ms.
Mono: successfully reloaded assembly
- Completed reload, in  1.003 seconds
Platform modules already initialized, skipping
Refreshing native plugins compatible for Editor in 0.47 ms, found 0 plugins.
Preloading 0 native plugins for Editor in 0.00 ms.
Unloading 1503 Unused Serialized files (Serialized files now loaded: 0)
System memory in use before: 81.0 MB.
System memory in use after: 81.1 MB.

Unloading 5 unused Assets to reduce memory usage. Loaded Objects now: 1984.
Total: 2.347700 ms (FindLiveObjects: 0.099700 ms CreateObjectMapping: 0.025600 ms MarkObjects: 2.204900 ms  DeleteObjects: 0.016200 ms)

========================================================================
Received Import Request.
  Time since last request: 18.742658 seconds.
  path: Assets/Prefabs/H1Banana.prefab
  artifactKey: Guid(fedf53fbc01a2594b9395e571d3d0a17) Importer(815301076,1909f56bfc062723c751e8b465ee728b)
Start importing Assets/Prefabs/H1Banana.prefab using Guid(fedf53fbc01a2594b9395e571d3d0a17) Importer(815301076,1909f56bfc062723c751e8b465ee728b)  -> (artifact id: '459c74c825fb73088535dd038f8b33f0') in 0.074405 seconds
  Import took 0.077560 seconds .

========================================================================
Received Import Request.
  Time since last request: 490.933785 seconds.
  path: Assets/Prefabs/Horizontal 2.prefab
  artifactKey: Guid(1c13f2a1d33d17945ac15d9bb553c582) Importer(815301076,1909f56bfc062723c751e8b465ee728b)
Start importing Assets/Prefabs/Horizontal 2.prefab using Guid(1c13f2a1d33d17945ac15d9bb553c582) Importer(815301076,1909f56bfc062723c751e8b465ee728b)  -> (artifact id: '26932163385c3163f294291aa82410c3') in 0.031330 seconds
  Import took 0.035720 seconds .

========================================================================
Received Import Request.
  Time since last request: 0.000977 seconds.
  path: Assets/Prefabs/Horizontal 2.prefab
  artifactKey: Guid(1c13f2a1d33d17945ac15d9bb553c582) Importer(815301076,1909f56bfc062723c751e8b465ee728b)
Start importing Assets/Prefabs/Horizontal 2.prefab using Guid(1c13f2a1d33d17945ac15d9bb553c582) Importer(815301076,1909f56bfc062723c751e8b465ee728b)  -> (artifact id: '26932163385c3163f294291aa82410c3') in 0.015839 seconds
  Import took 0.019720 seconds .

========================================================================
Received Import Request.
  Time since last request: 8.728004 seconds.
  path: Assets/Prefabs/Horizontal 2.prefab
  artifactKey: Guid(1c13f2a1d33d17945ac15d9bb553c582) Importer(815301076,1909f56bfc062723c751e8b465ee728b)
Start importing Assets/Prefabs/Horizontal 2.prefab using Guid(1c13f2a1d33d17945ac15d9bb553c582) Importer(815301076,1909f56bfc062723c751e8b465ee728b)  -> (artifact id: 'ca8c938e052349a06d73cb55cd6f98ee') in 0.017014 seconds
  Import took 0.029385 seconds .

========================================================================
Received Import Request.
  Time since last request: 0.002625 seconds.
  path: Assets/Prefabs/Horizontal 2.prefab
  artifactKey: Guid(1c13f2a1d33d17945ac15d9bb553c582) Importer(815301076,1909f56bfc062723c751e8b465ee728b)
Start importing Assets/Prefabs/Horizontal 2.prefab using Guid(1c13f2a1d33d17945ac15d9bb553c582) Importer(815301076,1909f56bfc062723c751e8b465ee728b)  -> (artifact id: 'ca8c938e052349a06d73cb55cd6f98ee') in 0.015900 seconds
  Import took 0.018493 seconds .

========================================================================
Received Import Request.
  Time since last request: 4.908059 seconds.
  path: Assets/Prefabs/H2Burger.prefab
  artifactKey: Guid(1c13f2a1d33d17945ac15d9bb553c582) Importer(815301076,1909f56bfc062723c751e8b465ee728b)
Start importing Assets/Prefabs/H2Burger.prefab using Guid(1c13f2a1d33d17945ac15d9bb553c582) Importer(815301076,1909f56bfc062723c751e8b465ee728b)  -> (artifact id: 'fef889b3bca5d756f9010f3c4cdcb978') in 0.015244 seconds
  Import took 0.018568 seconds .

