Using pre-set license
Built from '2020.3/staging' branch; Version is '2020.3.3f1 (76626098c1c4) revision 7758432'; Using compiler version '192528614'; Build Type 'Release'
OS: 'Windows 10 Pro; OS build 19042.1052; Version 2009; 64bit' Language: 'en' Physical Memory: 4007 MB
BatchMode: 1, IsHumanControllingUs: 0, StartBugReporterOnCrash: 0, Is64bit: 1, IsPro: 0

 COMMAND LINE ARGUMENTS:
C:\Program Files\Unity\Hub\Editor\2020.3.3f1\Editor\Unity.exe
-adb2
-batchMode
-noUpm
-name
AssetImportWorker0
-projectPath
C:/Users/Aminur/Documents/Modernising-a-Classic
-logFile
Logs/AssetImportWorker0.log
-srvPort
56898
Successfully changed project path to: C:/Users/Aminur/Documents/Modernising-a-Classic
C:/Users/Aminur/Documents/Modernising-a-Classic
Using Asset Import Pipeline V2.
Refreshing native plugins compatible for Editor in 50.01 ms, found 0 plugins.
Preloading 0 native plugins for Editor in 0.00 ms.
Initialize engine version: 2020.3.3f1 (76626098c1c4)
[Subsystems] Discovering subsystems at path C:/Program Files/Unity/Hub/Editor/2020.3.3f1/Editor/Data/Resources/UnitySubsystems
[Subsystems] Discovering subsystems at path C:/Users/Aminur/Documents/Modernising-a-Classic/Assets
GfxDevice: creating device client; threaded=0
Direct3D:
    Version:  Direct3D 11.0 [level 11.0]
    Renderer: NVIDIA GeForce 920M (ID=0x1299)
    Vendor:   
    VRAM:     2009 MB
    Driver:   25.21.14.2531
Initialize mono
Mono path[0] = 'C:/Program Files/Unity/Hub/Editor/2020.3.3f1/Editor/Data/Managed'
Mono path[1] = 'C:/Program Files/Unity/Hub/Editor/2020.3.3f1/Editor/Data/MonoBleedingEdge/lib/mono/unityjit'
Mono config path = 'C:/Program Files/Unity/Hub/Editor/2020.3.3f1/Editor/Data/MonoBleedingEdge/etc'
Using monoOptions --debugger-agent=transport=dt_socket,embedding=1,server=y,suspend=n,address=127.0.0.1:56460
Begin MonoManager ReloadAssembly
Registering precompiled unity dll's ...
Register platform support module: C:/Program Files/Unity/Hub/Editor/2020.3.3f1/Editor/Data/PlaybackEngines/WebGLSupport/UnityEditor.WebGL.Extensions.dll
Register platform support module: C:/Program Files/Unity/Hub/Editor/2020.3.3f1/Editor/Data/PlaybackEngines/WindowsStandaloneSupport/UnityEditor.WindowsStandalone.Extensions.dll
Registered in 0.012708 seconds.
Native extension for WindowsStandalone target not found
Native extension for WebGL target not found
Refreshing native plugins compatible for Editor in 68.91 ms, found 0 plugins.
Preloading 0 native plugins for Editor in 0.00 ms.
Invoked RoslynAnalysisRunner static constructor.
RoslynAnalysisRunner will not be running.
RoslynAnalysisRunner has terminated.
Mono: successfully reloaded assembly
- Completed reload, in  6.686 seconds
Platform modules already initialized, skipping
Registering precompiled user dll's ...
Registered in 0.002666 seconds.
Begin MonoManager ReloadAssembly
Native extension for WindowsStandalone target not found
Native extension for WebGL target not found
Refreshing native plugins compatible for Editor in 0.29 ms, found 0 plugins.
Preloading 0 native plugins for Editor in 0.00 ms.
Invoked RoslynAnalysisRunner static constructor.
RoslynAnalysisRunner will not be running.
RoslynAnalysisRunner has terminated.
Mono: successfully reloaded assembly
- Completed reload, in  1.669 seconds
Platform modules already initialized, skipping
========================================================================
Worker process is ready to serve import requests
Launched and connected shader compiler UnityShaderCompiler.exe after 0.34 seconds
Refreshing native plugins compatible for Editor in 0.44 ms, found 0 plugins.
Preloading 0 native plugins for Editor in 0.00 ms.
Unloading 1125 Unused Serialized files (Serialized files now loaded: 0)
System memory in use before: 58.0 MB.
System memory in use after: 58.0 MB.

Unloading 9 unused Assets to reduce memory usage. Loaded Objects now: 1569.
Total: 2.793100 ms (FindLiveObjects: 0.441500 ms CreateObjectMapping: 0.110100 ms MarkObjects: 2.143500 ms  DeleteObjects: 0.095000 ms)

========================================================================
Received Import Request.
  path: Assets/Scenes/Menu.unity
  artifactKey: Guid(540d1c5857af9874fb8fb95db6a4dc2d) Importer(815301076,1909f56bfc062723c751e8b465ee728b)
Start importing Assets/Scenes/Menu.unity using Guid(540d1c5857af9874fb8fb95db6a4dc2d) Importer(815301076,1909f56bfc062723c751e8b465ee728b)  -> (artifact id: 'c916910a1202810e9c8ef534afd643f9') in 0.024542 seconds
  Import took 0.028165 seconds .

========================================================================
Received Import Request.
  Time since last request: 0.000541 seconds.
  path: Assets/Scenes
  artifactKey: Guid(3be3cec1e9bbbea4ba79dd2219ea0831) Importer(815301076,1909f56bfc062723c751e8b465ee728b)
Start importing Assets/Scenes using Guid(3be3cec1e9bbbea4ba79dd2219ea0831) Importer(815301076,1909f56bfc062723c751e8b465ee728b)  -> (artifact id: '68841eaac07a41b84c307c8862ae640c') in 0.004621 seconds
  Import took 0.009536 seconds .

========================================================================
Received Import Request.
  Time since last request: 0.000453 seconds.
  path: Assets/Scenes/Main.unity
  artifactKey: Guid(a02e17dc33f3d1646a3fa0e1ab8cbe23) Importer(815301076,1909f56bfc062723c751e8b465ee728b)
Start importing Assets/Scenes/Main.unity using Guid(a02e17dc33f3d1646a3fa0e1ab8cbe23) Importer(815301076,1909f56bfc062723c751e8b465ee728b)  -> (artifact id: '0e46ee8898f889b55e3c9cb074185995') in 0.004720 seconds
  Import took 0.010605 seconds .

========================================================================
Received Import Request.
  Time since last request: 0.322920 seconds.
  path: Assets/Scenes/Main.unity
  artifactKey: Guid(a02e17dc33f3d1646a3fa0e1ab8cbe23) Importer(815301076,1909f56bfc062723c751e8b465ee728b)
Start importing Assets/Scenes/Main.unity using Guid(a02e17dc33f3d1646a3fa0e1ab8cbe23) Importer(815301076,1909f56bfc062723c751e8b465ee728b)  -> (artifact id: '0e46ee8898f889b55e3c9cb074185995') in 0.006441 seconds
  Import took 0.010065 seconds .

========================================================================
Received Import Request.
  Time since last request: 126.611225 seconds.
  path: Assets/Scripts/Player.cs
  artifactKey: Guid(7a82a5c015fb4044896f0413d2c8d5b5) Importer(815301076,1909f56bfc062723c751e8b465ee728b)
Start importing Assets/Scripts/Player.cs using Guid(7a82a5c015fb4044896f0413d2c8d5b5) Importer(815301076,1909f56bfc062723c751e8b465ee728b)  -> (artifact id: '07939cf0b4b9600b70716324369aa83b') in 0.074738 seconds
  Import took 0.077656 seconds .

========================================================================
Received Import Request.
  Time since last request: 0.001623 seconds.
  path: Assets/Scripts/Player.cs
  artifactKey: Guid(7a82a5c015fb4044896f0413d2c8d5b5) Importer(815301076,1909f56bfc062723c751e8b465ee728b)
Start importing Assets/Scripts/Player.cs using Guid(7a82a5c015fb4044896f0413d2c8d5b5) Importer(815301076,1909f56bfc062723c751e8b465ee728b)  -> (artifact id: '07939cf0b4b9600b70716324369aa83b') in 0.004684 seconds
  Import took 0.008255 seconds .

========================================================================
Received Import Request.
  Time since last request: 0.787410 seconds.
  path: Assets/Scripts/PlayerFat.cs
  artifactKey: Guid(33ee324a57beea849aa361aa18dce20f) Importer(815301076,1909f56bfc062723c751e8b465ee728b)
Start importing Assets/Scripts/PlayerFat.cs using Guid(33ee324a57beea849aa361aa18dce20f) Importer(815301076,1909f56bfc062723c751e8b465ee728b)  -> (artifact id: '35fc1c10fe6ff76203e720c34566e410') in 0.004066 seconds
  Import took 0.007599 seconds .

========================================================================
Received Import Request.
  Time since last request: 0.002073 seconds.
  path: Assets/Scripts/PlayerFat.cs
  artifactKey: Guid(33ee324a57beea849aa361aa18dce20f) Importer(815301076,1909f56bfc062723c751e8b465ee728b)
Start importing Assets/Scripts/PlayerFat.cs using Guid(33ee324a57beea849aa361aa18dce20f) Importer(815301076,1909f56bfc062723c751e8b465ee728b)  -> (artifact id: '35fc1c10fe6ff76203e720c34566e410') in 0.005748 seconds
  Import took 0.009528 seconds .

========================================================================
Received Import Request.
  Time since last request: 11.253061 seconds.
  path: Assets/Scripts/AntiGravity.cs
  artifactKey: Guid(90adb63d2e3743e42bfd5a321ed314ed) Importer(815301076,1909f56bfc062723c751e8b465ee728b)
Start importing Assets/Scripts/AntiGravity.cs using Guid(90adb63d2e3743e42bfd5a321ed314ed) Importer(815301076,1909f56bfc062723c751e8b465ee728b)  -> (artifact id: '7a336b6488919836aa57324c83153984') in 0.004972 seconds
  Import took 0.008011 seconds .

========================================================================
Received Import Request.
  Time since last request: 0.004731 seconds.
  path: Assets/Scripts/AntiGravity.cs
  artifactKey: Guid(90adb63d2e3743e42bfd5a321ed314ed) Importer(815301076,1909f56bfc062723c751e8b465ee728b)
Start importing Assets/Scripts/AntiGravity.cs using Guid(90adb63d2e3743e42bfd5a321ed314ed) Importer(815301076,1909f56bfc062723c751e8b465ee728b)  -> (artifact id: '7a336b6488919836aa57324c83153984') in 0.004588 seconds
  Import took 0.008409 seconds .

========================================================================
Received Import Request.
  Time since last request: 1.287402 seconds.
  path: Assets/Scripts/ClickandSlash.cs
  artifactKey: Guid(91bb436480671164ea8147d27e2c308c) Importer(815301076,1909f56bfc062723c751e8b465ee728b)
Start importing Assets/Scripts/ClickandSlash.cs using Guid(91bb436480671164ea8147d27e2c308c) Importer(815301076,1909f56bfc062723c751e8b465ee728b)  -> (artifact id: 'fedd8ee3282f93bce880c1da4307c3b6') in 0.004579 seconds
  Import took 0.007594 seconds .

========================================================================
Received Import Request.
  Time since last request: 0.539066 seconds.
  path: Assets/Scripts/Enemy.cs
  artifactKey: Guid(14fcb540170ed7e459a0a8225a194733) Importer(815301076,1909f56bfc062723c751e8b465ee728b)
Start importing Assets/Scripts/Enemy.cs using Guid(14fcb540170ed7e459a0a8225a194733) Importer(815301076,1909f56bfc062723c751e8b465ee728b)  -> (artifact id: 'eddc9d6a5eba950c045c57bf37808e1f') in 0.005767 seconds
  Import took 0.008904 seconds .

========================================================================
Received Import Request.
  Time since last request: 0.803550 seconds.
  path: Assets/Scripts/FollowPlayer.cs
  artifactKey: Guid(e188e8570a6794a4db207a35cb3c9f6f) Importer(815301076,1909f56bfc062723c751e8b465ee728b)
Start importing Assets/Scripts/FollowPlayer.cs using Guid(e188e8570a6794a4db207a35cb3c9f6f) Importer(815301076,1909f56bfc062723c751e8b465ee728b)  -> (artifact id: '3bae370536e1d275041201905a8857f7') in 0.006048 seconds
  Import took 0.009574 seconds .

========================================================================
Received Import Request.
  Time since last request: 4.888968 seconds.
  path: Assets/Scripts/GameManager.cs
  artifactKey: Guid(a8fbf12660e6b9a40bd26e73017f167c) Importer(815301076,1909f56bfc062723c751e8b465ee728b)
Start importing Assets/Scripts/GameManager.cs using Guid(a8fbf12660e6b9a40bd26e73017f167c) Importer(815301076,1909f56bfc062723c751e8b465ee728b)  -> (artifact id: 'ab18b0d4b9a5f57c531c1585a37fd5b3') in 0.004559 seconds
  Import took 0.008752 seconds .

========================================================================
Received Import Request.
  Time since last request: 0.644581 seconds.
  path: Assets/Scripts/TransformPlayer.cs
  artifactKey: Guid(ebf7b49d77c2dff4e8e628a5402cafa9) Importer(815301076,1909f56bfc062723c751e8b465ee728b)
Start importing Assets/Scripts/TransformPlayer.cs using Guid(ebf7b49d77c2dff4e8e628a5402cafa9) Importer(815301076,1909f56bfc062723c751e8b465ee728b)  -> (artifact id: '5a54cc571dd3db97383151857d57fef4') in 0.004718 seconds
  Import took 0.007764 seconds .

========================================================================
Received Import Request.
  Time since last request: 0.000546 seconds.
  path: Assets/Scripts/TransformPlayer.cs
  artifactKey: Guid(ebf7b49d77c2dff4e8e628a5402cafa9) Importer(815301076,1909f56bfc062723c751e8b465ee728b)
Start importing Assets/Scripts/TransformPlayer.cs using Guid(ebf7b49d77c2dff4e8e628a5402cafa9) Importer(815301076,1909f56bfc062723c751e8b465ee728b)  -> (artifact id: '5a54cc571dd3db97383151857d57fef4') in 0.006729 seconds
  Import took 0.010331 seconds .

========================================================================
Received Import Request.
  Time since last request: 15.743471 seconds.
  path: Assets/Scripts
  artifactKey: Guid(8d87226dbf6464b41814606a2f0e4bf1) Importer(815301076,1909f56bfc062723c751e8b465ee728b)
Start importing Assets/Scripts using Guid(8d87226dbf6464b41814606a2f0e4bf1) Importer(815301076,1909f56bfc062723c751e8b465ee728b)  -> (artifact id: '91a367bf47dd5a0462cf22b3b449443f') in 0.005372 seconds
  Import took 0.009397 seconds .

========================================================================
Received Import Request.
  Time since last request: 0.000935 seconds.
  path: Assets/Scripts
  artifactKey: Guid(8d87226dbf6464b41814606a2f0e4bf1) Importer(815301076,1909f56bfc062723c751e8b465ee728b)
Start importing Assets/Scripts using Guid(8d87226dbf6464b41814606a2f0e4bf1) Importer(815301076,1909f56bfc062723c751e8b465ee728b)  -> (artifact id: '91a367bf47dd5a0462cf22b3b449443f') in 0.006005 seconds
  Import took 0.010180 seconds .

========================================================================
Received Import Request.
  Time since last request: 9.678721 seconds.
  path: Assets/Prefabs/AntiGravity.prefab
  artifactKey: Guid(970bb87bddd699b43a56f637d01fbe9d) Importer(815301076,1909f56bfc062723c751e8b465ee728b)
Start importing Assets/Prefabs/AntiGravity.prefab using Guid(970bb87bddd699b43a56f637d01fbe9d) Importer(815301076,1909f56bfc062723c751e8b465ee728b)  -> (artifact id: '15bda6b25896ba5abea1ea74fd4d0743') in 0.443480 seconds
  Import took 0.446881 seconds .

========================================================================
Received Import Request.
  Time since last request: 0.000435 seconds.
  path: Assets/Prefabs/Vertical 2.prefab
  artifactKey: Guid(474a6ad2a28b1fb4eaee67abebc18a02) Importer(815301076,1909f56bfc062723c751e8b465ee728b)
Start importing Assets/Prefabs/Vertical 2.prefab using Guid(474a6ad2a28b1fb4eaee67abebc18a02) Importer(815301076,1909f56bfc062723c751e8b465ee728b)  -> (artifact id: '5e6167d105fba25408c5e6bd9c8e6db9') in 0.024812 seconds
  Import took 0.029392 seconds .

========================================================================
Received Import Request.
  Time since last request: 0.000870 seconds.
  path: Assets/Prefabs/Vertical 5.prefab
  artifactKey: Guid(23a7aeb857cead44185c0018ce1d48cc) Importer(815301076,1909f56bfc062723c751e8b465ee728b)
Start importing Assets/Prefabs/Vertical 5.prefab using Guid(23a7aeb857cead44185c0018ce1d48cc) Importer(815301076,1909f56bfc062723c751e8b465ee728b)  -> (artifact id: '60f3ae3395b0cdda4edd65a91271eebd') in 0.019865 seconds
  Import took 0.023571 seconds .

========================================================================
Received Import Request.
  Time since last request: 0.000436 seconds.
  path: Assets/Prefabs/Horizontal 1.prefab
  artifactKey: Guid(99f327f39ef748a40ba54d0ca88b459d) Importer(815301076,1909f56bfc062723c751e8b465ee728b)
Start importing Assets/Prefabs/Horizontal 1.prefab using Guid(99f327f39ef748a40ba54d0ca88b459d) Importer(815301076,1909f56bfc062723c751e8b465ee728b)  -> (artifact id: '1e48096d287e846472bc9255e5441121') in 0.019078 seconds
  Import took 0.023227 seconds .

========================================================================
Received Import Request.
  Time since last request: 0.000437 seconds.
  path: Assets/Prefabs/Vertical 3.prefab
  artifactKey: Guid(183421fd8bb8869459b0fe25938b6978) Importer(815301076,1909f56bfc062723c751e8b465ee728b)
Start importing Assets/Prefabs/Vertical 3.prefab using Guid(183421fd8bb8869459b0fe25938b6978) Importer(815301076,1909f56bfc062723c751e8b465ee728b)  -> (artifact id: '9b756650872fba8c71b52d488cb1a0b0') in 0.020077 seconds
  Import took 0.024250 seconds .

========================================================================
Received Import Request.
  Time since last request: 0.000612 seconds.
  path: Assets/Prefabs/Vertical 1.prefab
  artifactKey: Guid(f4723adab24158d4189d552421921402) Importer(815301076,1909f56bfc062723c751e8b465ee728b)
Start importing Assets/Prefabs/Vertical 1.prefab using Guid(f4723adab24158d4189d552421921402) Importer(815301076,1909f56bfc062723c751e8b465ee728b)  -> (artifact id: '6c3edabb84b3de538d4d9235c5cae1e2') in 0.021064 seconds
  Import took 0.026822 seconds .

========================================================================
Received Import Request.
  Time since last request: 0.000612 seconds.
  path: Assets/Prefabs/FinalBoss.prefab
  artifactKey: Guid(9bb3647e9e6e4184b90fa8ae207d1ee4) Importer(815301076,1909f56bfc062723c751e8b465ee728b)
Start importing Assets/Prefabs/FinalBoss.prefab using Guid(9bb3647e9e6e4184b90fa8ae207d1ee4) Importer(815301076,1909f56bfc062723c751e8b465ee728b)  -> (artifact id: '2e58a8685f1995593705d8d18b7190f6') in 0.020670 seconds
  Import took 0.026893 seconds .

========================================================================
Received Import Request.
  Time since last request: 0.000635 seconds.
  path: Assets/Prefabs/Horizontal 5.prefab
  artifactKey: Guid(a50fd243446f0bb4fba9a7d8ab562606) Importer(815301076,1909f56bfc062723c751e8b465ee728b)
Start importing Assets/Prefabs/Horizontal 5.prefab using Guid(a50fd243446f0bb4fba9a7d8ab562606) Importer(815301076,1909f56bfc062723c751e8b465ee728b)  -> (artifact id: 'aef7f47036f7c03f75b179d817b81363') in 0.021366 seconds
  Import took 0.027974 seconds .

========================================================================
Received Import Request.
  Time since last request: 0.000552 seconds.
  path: Assets/Prefabs/Bomb.prefab
  artifactKey: Guid(26f6d5be23ba4a94a85ac8114471b546) Importer(815301076,1909f56bfc062723c751e8b465ee728b)
Start importing Assets/Prefabs/Bomb.prefab using Guid(26f6d5be23ba4a94a85ac8114471b546) Importer(815301076,1909f56bfc062723c751e8b465ee728b)  -> (artifact id: '5a9162c9c068570ae805fac9d9793dfc') in 0.022403 seconds
  Import took 0.029062 seconds .

========================================================================
Received Import Request.
  Time since last request: 0.000514 seconds.
  path: Assets/Prefabs/Vertical 4.prefab
  artifactKey: Guid(4900a11faed7ea846b909af01dfd7856) Importer(815301076,1909f56bfc062723c751e8b465ee728b)
Start importing Assets/Prefabs/Vertical 4.prefab using Guid(4900a11faed7ea846b909af01dfd7856) Importer(815301076,1909f56bfc062723c751e8b465ee728b)  -> (artifact id: 'f48517bcfc12b5e8807a245cc922a7a8') in 0.018560 seconds
  Import took 0.023438 seconds .

========================================================================
Received Import Request.
  Time since last request: 0.001000 seconds.
  path: Assets/Prefabs/AntiGravity.prefab
  artifactKey: Guid(970bb87bddd699b43a56f637d01fbe9d) Importer(815301076,1909f56bfc062723c751e8b465ee728b)
Start importing Assets/Prefabs/AntiGravity.prefab using Guid(970bb87bddd699b43a56f637d01fbe9d) Importer(815301076,1909f56bfc062723c751e8b465ee728b)  -> (artifact id: '15bda6b25896ba5abea1ea74fd4d0743') in 0.015043 seconds
  Import took 0.019671 seconds .

========================================================================
Received Import Request.
  Time since last request: 0.000994 seconds.
  path: Assets/Prefabs/Horizontal 4.prefab
  artifactKey: Guid(04949b343b7ee7149a907d49f22c0cf5) Importer(815301076,1909f56bfc062723c751e8b465ee728b)
Start importing Assets/Prefabs/Horizontal 4.prefab using Guid(04949b343b7ee7149a907d49f22c0cf5) Importer(815301076,1909f56bfc062723c751e8b465ee728b)  -> (artifact id: 'e5f1c0f2b42e115924e61ce716acd824') in 0.019413 seconds
  Import took 0.023867 seconds .

========================================================================
Received Import Request.
  Time since last request: 0.001270 seconds.
  path: Assets/Prefabs/Horizontal 3.prefab
  artifactKey: Guid(a9a5f2acc35ae034fa78e0bd241551b8) Importer(815301076,1909f56bfc062723c751e8b465ee728b)
Start importing Assets/Prefabs/Horizontal 3.prefab using Guid(a9a5f2acc35ae034fa78e0bd241551b8) Importer(815301076,1909f56bfc062723c751e8b465ee728b)  -> (artifact id: 'f5a631bae071f34abdc486c1aa379cb9') in 0.021065 seconds
  Import took 0.025245 seconds .

========================================================================
Received Import Request.
  Time since last request: 0.000418 seconds.
  path: Assets/Prefabs/Horizontal 2.prefab
  artifactKey: Guid(1c13f2a1d33d17945ac15d9bb553c582) Importer(815301076,1909f56bfc062723c751e8b465ee728b)
Start importing Assets/Prefabs/Horizontal 2.prefab using Guid(1c13f2a1d33d17945ac15d9bb553c582) Importer(815301076,1909f56bfc062723c751e8b465ee728b)  -> (artifact id: '4768f276b5009b4d24bb7651570febec') in 0.022830 seconds
  Import took 0.028206 seconds .

========================================================================
Received Prepare
Registering precompiled user dll's ...
Registered in 0.005101 seconds.
Begin MonoManager ReloadAssembly
Native extension for WindowsStandalone target not found
Native extension for WebGL target not found
Refreshing native plugins compatible for Editor in 0.43 ms, found 0 plugins.
Preloading 0 native plugins for Editor in 0.00 ms.
Invoked RoslynAnalysisRunner static constructor.
RoslynAnalysisRunner will not be running.
RoslynAnalysisRunner has terminated.
Mono: successfully reloaded assembly
- Completed reload, in 20.659 seconds
Platform modules already initialized, skipping
Refreshing native plugins compatible for Editor in 0.28 ms, found 0 plugins.
Preloading 0 native plugins for Editor in 0.00 ms.
Unloading 1118 Unused Serialized files (Serialized files now loaded: 0)
System memory in use before: 60.9 MB.
System memory in use after: 61.0 MB.

Unloading 5 unused Assets to reduce memory usage. Loaded Objects now: 1581.
Total: 15.825800 ms (FindLiveObjects: 0.768600 ms CreateObjectMapping: 0.174800 ms MarkObjects: 14.821800 ms  DeleteObjects: 0.056800 ms)

========================================================================
Received Prepare
Registering precompiled user dll's ...
Registered in 0.007779 seconds.
Begin MonoManager ReloadAssembly
Native extension for WindowsStandalone target not found
Native extension for WebGL target not found
Refreshing native plugins compatible for Editor in 0.28 ms, found 0 plugins.
Preloading 0 native plugins for Editor in 0.00 ms.
Invoked RoslynAnalysisRunner static constructor.
RoslynAnalysisRunner will not be running.
RoslynAnalysisRunner has terminated.
Mono: successfully reloaded assembly
- Completed reload, in  1.486 seconds
Platform modules already initialized, skipping
Refreshing native plugins compatible for Editor in 0.32 ms, found 0 plugins.
Preloading 0 native plugins for Editor in 0.00 ms.
Unloading 1118 Unused Serialized files (Serialized files now loaded: 0)
System memory in use before: 60.9 MB.
System memory in use after: 61.0 MB.

Unloading 4 unused Assets to reduce memory usage. Loaded Objects now: 1584.
Total: 2.763400 ms (FindLiveObjects: 0.338700 ms CreateObjectMapping: 0.140900 ms MarkObjects: 2.253900 ms  DeleteObjects: 0.027100 ms)

========================================================================
Received Import Request.
  Time since last request: 343.326367 seconds.
  path: Assets/Scripts/GameManager.cs
  artifactKey: Guid(a8fbf12660e6b9a40bd26e73017f167c) Importer(815301076,1909f56bfc062723c751e8b465ee728b)
Start importing Assets/Scripts/GameManager.cs using Guid(a8fbf12660e6b9a40bd26e73017f167c) Importer(815301076,1909f56bfc062723c751e8b465ee728b)  -> (artifact id: '5e1493b1783ba3b7e3e72bf5e7eac087') in 0.012931 seconds
  Import took 0.019535 seconds .

========================================================================
Received Import Request.
  Time since last request: 2.696865 seconds.
  path: Assets/Scripts/GameManager.cs
  artifactKey: Guid(a8fbf12660e6b9a40bd26e73017f167c) Importer(815301076,1909f56bfc062723c751e8b465ee728b)
Start importing Assets/Scripts/GameManager.cs using Guid(a8fbf12660e6b9a40bd26e73017f167c) Importer(815301076,1909f56bfc062723c751e8b465ee728b)  -> (artifact id: '5e1493b1783ba3b7e3e72bf5e7eac087') in 0.006078 seconds
  Import took 0.010618 seconds .

========================================================================
Received Prepare
Registering precompiled user dll's ...
Registered in 0.004175 seconds.
Begin MonoManager ReloadAssembly
Native extension for WindowsStandalone target not found
Native extension for WebGL target not found
Refreshing native plugins compatible for Editor in 0.36 ms, found 0 plugins.
Preloading 0 native plugins for Editor in 0.00 ms.
Invoked RoslynAnalysisRunner static constructor.
RoslynAnalysisRunner will not be running.
RoslynAnalysisRunner has terminated.
Mono: successfully reloaded assembly
- Completed reload, in  1.960 seconds
Platform modules already initialized, skipping
Refreshing native plugins compatible for Editor in 0.51 ms, found 0 plugins.
Preloading 0 native plugins for Editor in 0.00 ms.
Unloading 1118 Unused Serialized files (Serialized files now loaded: 0)
System memory in use before: 60.9 MB.
System memory in use after: 61.0 MB.

Unloading 4 unused Assets to reduce memory usage. Loaded Objects now: 1587.
Total: 2.707000 ms (FindLiveObjects: 0.230100 ms CreateObjectMapping: 0.056000 ms MarkObjects: 2.388400 ms  DeleteObjects: 0.030400 ms)

========================================================================
Received Import Request.
  Time since last request: 439.898032 seconds.
  path: Assets/Scripts/UIManager.cs
  artifactKey: Guid(fbc3fe927050b9e4da0cd46eed1f3560) Importer(815301076,1909f56bfc062723c751e8b465ee728b)
Start importing Assets/Scripts/UIManager.cs using Guid(fbc3fe927050b9e4da0cd46eed1f3560) Importer(815301076,1909f56bfc062723c751e8b465ee728b)  -> (artifact id: '262692e42e999f4c1397e732db133cc9') in 0.031058 seconds
  Import took 0.047124 seconds .

========================================================================
Received Prepare
Registering precompiled user dll's ...
Registered in 0.001755 seconds.
Begin MonoManager ReloadAssembly
Native extension for WindowsStandalone target not found
Native extension for WebGL target not found
Refreshing native plugins compatible for Editor in 0.32 ms, found 0 plugins.
Preloading 0 native plugins for Editor in 0.00 ms.
Invoked RoslynAnalysisRunner static constructor.
RoslynAnalysisRunner will not be running.
RoslynAnalysisRunner has terminated.
Mono: successfully reloaded assembly
- Completed reload, in  1.641 seconds
Platform modules already initialized, skipping
Refreshing native plugins compatible for Editor in 0.33 ms, found 0 plugins.
Preloading 0 native plugins for Editor in 0.00 ms.
Unloading 1119 Unused Serialized files (Serialized files now loaded: 0)
System memory in use before: 61.0 MB.
System memory in use after: 61.1 MB.

Unloading 4 unused Assets to reduce memory usage. Loaded Objects now: 1591.
Total: 2.111100 ms (FindLiveObjects: 0.176900 ms CreateObjectMapping: 0.052200 ms MarkObjects: 1.855700 ms  DeleteObjects: 0.024400 ms)

========================================================================
Received Prepare
Registering precompiled user dll's ...
Registered in 0.002267 seconds.
Begin MonoManager ReloadAssembly
Native extension for WindowsStandalone target not found
Native extension for WebGL target not found
Refreshing native plugins compatible for Editor in 0.31 ms, found 0 plugins.
Preloading 0 native plugins for Editor in 0.00 ms.
Invoked RoslynAnalysisRunner static constructor.
RoslynAnalysisRunner will not be running.
RoslynAnalysisRunner has terminated.
Mono: successfully reloaded assembly
- Completed reload, in  1.725 seconds
Platform modules already initialized, skipping
Refreshing native plugins compatible for Editor in 0.29 ms, found 0 plugins.
Preloading 0 native plugins for Editor in 0.00 ms.
Unloading 1119 Unused Serialized files (Serialized files now loaded: 0)
System memory in use before: 61.0 MB.
System memory in use after: 61.1 MB.

Unloading 4 unused Assets to reduce memory usage. Loaded Objects now: 1594.
Total: 2.344100 ms (FindLiveObjects: 0.321000 ms CreateObjectMapping: 0.100600 ms MarkObjects: 1.898200 ms  DeleteObjects: 0.022000 ms)

========================================================================
Received Import Request.
  Time since last request: 364.766188 seconds.
  path: Assets/Scripts/BombTrajectory.cs
  artifactKey: Guid(f6073afb2eded7e4c8edc0de104dff03) Importer(815301076,1909f56bfc062723c751e8b465ee728b)
Start importing Assets/Scripts/BombTrajectory.cs using Guid(f6073afb2eded7e4c8edc0de104dff03) Importer(815301076,1909f56bfc062723c751e8b465ee728b)  -> (artifact id: 'b98be05c5ed377f4fddbff2ee35ab9db') in 0.024611 seconds
  Import took 0.030455 seconds .

========================================================================
Received Import Request.
  Time since last request: 0.001147 seconds.
  path: Assets/Scripts/BombTrajectory.cs
  artifactKey: Guid(f6073afb2eded7e4c8edc0de104dff03) Importer(815301076,1909f56bfc062723c751e8b465ee728b)
Start importing Assets/Scripts/BombTrajectory.cs using Guid(f6073afb2eded7e4c8edc0de104dff03) Importer(815301076,1909f56bfc062723c751e8b465ee728b)  -> (artifact id: 'b98be05c5ed377f4fddbff2ee35ab9db') in 0.029389 seconds
  Import took 0.041026 seconds .

========================================================================
Received Import Request.
  Time since last request: 317.730953 seconds.
  path: Assets/Scripts/Utility
  artifactKey: Guid(e7c0c319599486c428d9d73c861eaf69) Importer(815301076,1909f56bfc062723c751e8b465ee728b)
Start importing Assets/Scripts/Utility using Guid(e7c0c319599486c428d9d73c861eaf69) Importer(815301076,1909f56bfc062723c751e8b465ee728b)  -> (artifact id: 'b71b9cbc69f34e04afca4649fba21820') in 0.017252 seconds
  Import took 0.025181 seconds .

========================================================================
Received Import Request.
  Time since last request: 7.595249 seconds.
  path: Assets/Scripts/Utility/Singleton.cs
  artifactKey: Guid(eddde83b2efccd44193d1484a29f0b0c) Importer(815301076,1909f56bfc062723c751e8b465ee728b)
Start importing Assets/Scripts/Utility/Singleton.cs using Guid(eddde83b2efccd44193d1484a29f0b0c) Importer(815301076,1909f56bfc062723c751e8b465ee728b)  -> (artifact id: 'c274fc034794c074869755c3f6fc235d') in 0.039010 seconds
  Import took 0.070184 seconds .

========================================================================
Received Import Request.
  Time since last request: 0.005191 seconds.
  path: Assets/Scripts/Utility/Singleton.cs
  artifactKey: Guid(eddde83b2efccd44193d1484a29f0b0c) Importer(815301076,1909f56bfc062723c751e8b465ee728b)
Start importing Assets/Scripts/Utility/Singleton.cs using Guid(eddde83b2efccd44193d1484a29f0b0c) Importer(815301076,1909f56bfc062723c751e8b465ee728b)  -> (artifact id: 'c274fc034794c074869755c3f6fc235d') in 0.010308 seconds
  Import took 0.014722 seconds .

========================================================================
Received Prepare
Registering precompiled user dll's ...
Registered in 0.001690 seconds.
Begin MonoManager ReloadAssembly
Native extension for WindowsStandalone target not found
Native extension for WebGL target not found
Refreshing native plugins compatible for Editor in 0.28 ms, found 0 plugins.
Preloading 0 native plugins for Editor in 0.00 ms.
Invoked RoslynAnalysisRunner static constructor.
RoslynAnalysisRunner will not be running.
RoslynAnalysisRunner has terminated.
Mono: successfully reloaded assembly
- Completed reload, in  1.540 seconds
Platform modules already initialized, skipping
Refreshing native plugins compatible for Editor in 0.27 ms, found 0 plugins.
Preloading 0 native plugins for Editor in 0.00 ms.
Unloading 1120 Unused Serialized files (Serialized files now loaded: 0)
System memory in use before: 61.0 MB.
System memory in use after: 61.1 MB.

Unloading 4 unused Assets to reduce memory usage. Loaded Objects now: 1598.
Total: 2.459700 ms (FindLiveObjects: 0.274200 ms CreateObjectMapping: 0.083600 ms MarkObjects: 2.075300 ms  DeleteObjects: 0.023800 ms)

========================================================================
Received Prepare
Registering precompiled user dll's ...
Registered in 0.002082 seconds.
Begin MonoManager ReloadAssembly
Native extension for WindowsStandalone target not found
Native extension for WebGL target not found
Refreshing native plugins compatible for Editor in 0.26 ms, found 0 plugins.
Preloading 0 native plugins for Editor in 0.00 ms.
Invoked RoslynAnalysisRunner static constructor.
RoslynAnalysisRunner will not be running.
RoslynAnalysisRunner has terminated.
Mono: successfully reloaded assembly
- Completed reload, in  1.658 seconds
Platform modules already initialized, skipping
Refreshing native plugins compatible for Editor in 0.30 ms, found 0 plugins.
Preloading 0 native plugins for Editor in 0.00 ms.
Unloading 1120 Unused Serialized files (Serialized files now loaded: 0)
System memory in use before: 61.0 MB.
System memory in use after: 61.1 MB.

Unloading 4 unused Assets to reduce memory usage. Loaded Objects now: 1601.
Total: 4.268800 ms (FindLiveObjects: 0.426500 ms CreateObjectMapping: 0.104900 ms MarkObjects: 3.698400 ms  DeleteObjects: 0.036700 ms)

========================================================================
Received Import Request.
  Time since last request: 249.025057 seconds.
  path: Assets/Scripts/Utility/Singleton.cs
  artifactKey: Guid(eddde83b2efccd44193d1484a29f0b0c) Importer(815301076,1909f56bfc062723c751e8b465ee728b)
Start importing Assets/Scripts/Utility/Singleton.cs using Guid(eddde83b2efccd44193d1484a29f0b0c) Importer(815301076,1909f56bfc062723c751e8b465ee728b)  -> (artifact id: 'f2853ac4036a266163f6c5adaf062b9d') in 0.008405 seconds
  Import took 0.012370 seconds .

========================================================================
Received Prepare
Registering precompiled user dll's ...
Registered in 0.002192 seconds.
Begin MonoManager ReloadAssembly
Native extension for WindowsStandalone target not found
Native extension for WebGL target not found
Refreshing native plugins compatible for Editor in 0.26 ms, found 0 plugins.
Preloading 0 native plugins for Editor in 0.00 ms.
Invoked RoslynAnalysisRunner static constructor.
RoslynAnalysisRunner will not be running.
RoslynAnalysisRunner has terminated.
Mono: successfully reloaded assembly
- Completed reload, in  1.485 seconds
Platform modules already initialized, skipping
Refreshing native plugins compatible for Editor in 0.29 ms, found 0 plugins.
Preloading 0 native plugins for Editor in 0.00 ms.
Unloading 1120 Unused Serialized files (Serialized files now loaded: 0)
System memory in use before: 61.0 MB.
System memory in use after: 61.1 MB.

Unloading 4 unused Assets to reduce memory usage. Loaded Objects now: 1604.
Total: 3.785300 ms (FindLiveObjects: 0.336700 ms CreateObjectMapping: 0.150000 ms MarkObjects: 3.266800 ms  DeleteObjects: 0.028800 ms)

========================================================================
Received Prepare
Registering precompiled user dll's ...
Registered in 0.002668 seconds.
Begin MonoManager ReloadAssembly
Native extension for WindowsStandalone target not found
Native extension for WebGL target not found
Refreshing native plugins compatible for Editor in 0.27 ms, found 0 plugins.
Preloading 0 native plugins for Editor in 0.00 ms.
Invoked RoslynAnalysisRunner static constructor.
RoslynAnalysisRunner will not be running.
RoslynAnalysisRunner has terminated.
Mono: successfully reloaded assembly
- Completed reload, in  1.582 seconds
Platform modules already initialized, skipping
Refreshing native plugins compatible for Editor in 0.28 ms, found 0 plugins.
Preloading 0 native plugins for Editor in 0.00 ms.
Unloading 1120 Unused Serialized files (Serialized files now loaded: 0)
System memory in use before: 61.0 MB.
System memory in use after: 61.1 MB.

Unloading 4 unused Assets to reduce memory usage. Loaded Objects now: 1607.
Total: 2.783300 ms (FindLiveObjects: 0.316200 ms CreateObjectMapping: 0.101700 ms MarkObjects: 2.331500 ms  DeleteObjects: 0.031600 ms)

========================================================================
Received Prepare
Registering precompiled user dll's ...
Registered in 0.003321 seconds.
Begin MonoManager ReloadAssembly
Native extension for WindowsStandalone target not found
Native extension for WebGL target not found
Refreshing native plugins compatible for Editor in 0.42 ms, found 0 plugins.
Preloading 0 native plugins for Editor in 0.00 ms.
Invoked RoslynAnalysisRunner static constructor.
RoslynAnalysisRunner will not be running.
RoslynAnalysisRunner has terminated.
Mono: successfully reloaded assembly
- Completed reload, in  1.868 seconds
Platform modules already initialized, skipping
Refreshing native plugins compatible for Editor in 0.37 ms, found 0 plugins.
Preloading 0 native plugins for Editor in 0.00 ms.
Unloading 1120 Unused Serialized files (Serialized files now loaded: 0)
System memory in use before: 61.0 MB.
System memory in use after: 61.1 MB.

Unloading 4 unused Assets to reduce memory usage. Loaded Objects now: 1610.
Total: 3.111200 ms (FindLiveObjects: 0.220300 ms CreateObjectMapping: 0.049300 ms MarkObjects: 2.810500 ms  DeleteObjects: 0.028700 ms)

========================================================================
Received Prepare
Registering precompiled user dll's ...
Registered in 0.001855 seconds.
Begin MonoManager ReloadAssembly
Native extension for WindowsStandalone target not found
Native extension for WebGL target not found
Refreshing native plugins compatible for Editor in 0.47 ms, found 0 plugins.
Preloading 0 native plugins for Editor in 0.00 ms.
Invoked RoslynAnalysisRunner static constructor.
RoslynAnalysisRunner will not be running.
RoslynAnalysisRunner has terminated.
Mono: successfully reloaded assembly
- Completed reload, in  1.686 seconds
Platform modules already initialized, skipping
Refreshing native plugins compatible for Editor in 0.45 ms, found 0 plugins.
Preloading 0 native plugins for Editor in 0.00 ms.
Unloading 1120 Unused Serialized files (Serialized files now loaded: 0)
System memory in use before: 61.0 MB.
System memory in use after: 61.1 MB.

Unloading 4 unused Assets to reduce memory usage. Loaded Objects now: 1613.
Total: 3.093100 ms (FindLiveObjects: 0.236000 ms CreateObjectMapping: 0.053200 ms MarkObjects: 2.777700 ms  DeleteObjects: 0.024500 ms)

========================================================================
Received Prepare
Registering precompiled user dll's ...
Registered in 0.002234 seconds.
Begin MonoManager ReloadAssembly
Native extension for WindowsStandalone target not found
Native extension for WebGL target not found
Refreshing native plugins compatible for Editor in 0.28 ms, found 0 plugins.
Preloading 0 native plugins for Editor in 0.00 ms.
Invoked RoslynAnalysisRunner static constructor.
RoslynAnalysisRunner will not be running.
RoslynAnalysisRunner has terminated.
Mono: successfully reloaded assembly
- Completed reload, in  1.582 seconds
Platform modules already initialized, skipping
Refreshing native plugins compatible for Editor in 0.28 ms, found 0 plugins.
Preloading 0 native plugins for Editor in 0.00 ms.
Unloading 1120 Unused Serialized files (Serialized files now loaded: 0)
System memory in use before: 61.0 MB.
System memory in use after: 61.1 MB.

Unloading 4 unused Assets to reduce memory usage. Loaded Objects now: 1616.
Total: 2.088400 ms (FindLiveObjects: 0.184000 ms CreateObjectMapping: 0.044100 ms MarkObjects: 1.837900 ms  DeleteObjects: 0.020500 ms)

========================================================================
Received Prepare
Registering precompiled user dll's ...
Registered in 0.002703 seconds.
Begin MonoManager ReloadAssembly
Native extension for WindowsStandalone target not found
Native extension for WebGL target not found
Refreshing native plugins compatible for Editor in 0.44 ms, found 0 plugins.
Preloading 0 native plugins for Editor in 0.00 ms.
Invoked RoslynAnalysisRunner static constructor.
RoslynAnalysisRunner will not be running.
RoslynAnalysisRunner has terminated.
Mono: successfully reloaded assembly
- Completed reload, in  1.648 seconds
Platform modules already initialized, skipping
Refreshing native plugins compatible for Editor in 0.31 ms, found 0 plugins.
Preloading 0 native plugins for Editor in 0.00 ms.
Unloading 1120 Unused Serialized files (Serialized files now loaded: 0)
System memory in use before: 61.0 MB.
System memory in use after: 61.1 MB.

Unloading 4 unused Assets to reduce memory usage. Loaded Objects now: 1619.
Total: 2.917400 ms (FindLiveObjects: 0.317800 ms CreateObjectMapping: 0.096900 ms MarkObjects: 2.477700 ms  DeleteObjects: 0.023200 ms)

========================================================================
Received Prepare
Registering precompiled user dll's ...
Registered in 0.001880 seconds.
Begin MonoManager ReloadAssembly
Native extension for WindowsStandalone target not found
Native extension for WebGL target not found
Refreshing native plugins compatible for Editor in 0.28 ms, found 0 plugins.
Preloading 0 native plugins for Editor in 0.00 ms.
Invoked RoslynAnalysisRunner static constructor.
RoslynAnalysisRunner will not be running.
RoslynAnalysisRunner has terminated.
Mono: successfully reloaded assembly
- Completed reload, in  1.929 seconds
Platform modules already initialized, skipping
Refreshing native plugins compatible for Editor in 0.28 ms, found 0 plugins.
Preloading 0 native plugins for Editor in 0.00 ms.
Unloading 1120 Unused Serialized files (Serialized files now loaded: 0)
System memory in use before: 61.0 MB.
System memory in use after: 61.1 MB.

Unloading 4 unused Assets to reduce memory usage. Loaded Objects now: 1622.
Total: 2.295600 ms (FindLiveObjects: 0.182000 ms CreateObjectMapping: 0.050600 ms MarkObjects: 2.040500 ms  DeleteObjects: 0.020600 ms)

========================================================================
Received Prepare
Registering precompiled user dll's ...
Registered in 0.005741 seconds.
Begin MonoManager ReloadAssembly
Native extension for WindowsStandalone target not found
Native extension for WebGL target not found
Refreshing native plugins compatible for Editor in 0.25 ms, found 0 plugins.
Preloading 0 native plugins for Editor in 0.00 ms.
Invoked RoslynAnalysisRunner static constructor.
RoslynAnalysisRunner will not be running.
RoslynAnalysisRunner has terminated.
Mono: successfully reloaded assembly
- Completed reload, in  1.459 seconds
Platform modules already initialized, skipping
Refreshing native plugins compatible for Editor in 0.30 ms, found 0 plugins.
Preloading 0 native plugins for Editor in 0.00 ms.
Unloading 1120 Unused Serialized files (Serialized files now loaded: 0)
System memory in use before: 61.0 MB.
System memory in use after: 61.1 MB.

Unloading 4 unused Assets to reduce memory usage. Loaded Objects now: 1625.
Total: 6.591700 ms (FindLiveObjects: 0.479500 ms CreateObjectMapping: 0.172600 ms MarkObjects: 5.900200 ms  DeleteObjects: 0.036100 ms)

========================================================================
Received Import Request.
  Time since last request: 982.137174 seconds.
  path: Assets/Scripts/Enemy.cs
  artifactKey: Guid(14fcb540170ed7e459a0a8225a194733) Importer(815301076,1909f56bfc062723c751e8b465ee728b)
Start importing Assets/Scripts/Enemy.cs using Guid(14fcb540170ed7e459a0a8225a194733) Importer(815301076,1909f56bfc062723c751e8b465ee728b)  -> (artifact id: '3d3bab60613a7ca8f37d04704b1145dd') in 0.009229 seconds
  Import took 0.015091 seconds .

========================================================================
Received Import Request.
  Time since last request: 3.231571 seconds.
  path: Assets/Scripts/Enemy.cs
  artifactKey: Guid(14fcb540170ed7e459a0a8225a194733) Importer(815301076,1909f56bfc062723c751e8b465ee728b)
Start importing Assets/Scripts/Enemy.cs using Guid(14fcb540170ed7e459a0a8225a194733) Importer(815301076,1909f56bfc062723c751e8b465ee728b)  -> (artifact id: '3d3bab60613a7ca8f37d04704b1145dd') in 0.007883 seconds
  Import took 0.014889 seconds .

========================================================================
Received Prepare
Registering precompiled user dll's ...
Registered in 0.002646 seconds.
Begin MonoManager ReloadAssembly
Native extension for WindowsStandalone target not found
Native extension for WebGL target not found
Refreshing native plugins compatible for Editor in 0.27 ms, found 0 plugins.
Preloading 0 native plugins for Editor in 0.00 ms.
Invoked RoslynAnalysisRunner static constructor.
RoslynAnalysisRunner will not be running.
RoslynAnalysisRunner has terminated.
Mono: successfully reloaded assembly
- Completed reload, in  1.484 seconds
Platform modules already initialized, skipping
Refreshing native plugins compatible for Editor in 0.35 ms, found 0 plugins.
Preloading 0 native plugins for Editor in 0.00 ms.
Unloading 1120 Unused Serialized files (Serialized files now loaded: 0)
System memory in use before: 61.1 MB.
System memory in use after: 61.2 MB.

Unloading 4 unused Assets to reduce memory usage. Loaded Objects now: 1628.
Total: 3.527800 ms (FindLiveObjects: 0.612200 ms CreateObjectMapping: 0.088500 ms MarkObjects: 2.800600 ms  DeleteObjects: 0.024700 ms)

========================================================================
Received Prepare
Registering precompiled user dll's ...
Registered in 0.001752 seconds.
Begin MonoManager ReloadAssembly
Native extension for WindowsStandalone target not found
Native extension for WebGL target not found
Refreshing native plugins compatible for Editor in 0.54 ms, found 0 plugins.
Preloading 0 native plugins for Editor in 0.00 ms.
Invoked RoslynAnalysisRunner static constructor.
RoslynAnalysisRunner will not be running.
RoslynAnalysisRunner has terminated.
Mono: successfully reloaded assembly
- Completed reload, in  1.851 seconds
Platform modules already initialized, skipping
Refreshing native plugins compatible for Editor in 0.34 ms, found 0 plugins.
Preloading 0 native plugins for Editor in 0.00 ms.
Unloading 1120 Unused Serialized files (Serialized files now loaded: 0)
System memory in use before: 61.1 MB.
System memory in use after: 61.2 MB.

Unloading 4 unused Assets to reduce memory usage. Loaded Objects now: 1631.
Total: 3.229900 ms (FindLiveObjects: 0.339000 ms CreateObjectMapping: 0.099400 ms MarkObjects: 2.765300 ms  DeleteObjects: 0.023700 ms)

========================================================================
Received Import Request.
  Time since last request: 227.893712 seconds.
  path: Assets/Scripts/Player.cs
  artifactKey: Guid(7a82a5c015fb4044896f0413d2c8d5b5) Importer(815301076,1909f56bfc062723c751e8b465ee728b)
Start importing Assets/Scripts/Player.cs using Guid(7a82a5c015fb4044896f0413d2c8d5b5) Importer(815301076,1909f56bfc062723c751e8b465ee728b)  -> (artifact id: 'd5d38d3c763a83e7ea3881a541648ce4') in 0.009515 seconds
  Import took 0.014256 seconds .

========================================================================
Received Import Request.
  Time since last request: 2.180648 seconds.
  path: Assets/Scripts/Player.cs
  artifactKey: Guid(7a82a5c015fb4044896f0413d2c8d5b5) Importer(815301076,1909f56bfc062723c751e8b465ee728b)
Start importing Assets/Scripts/Player.cs using Guid(7a82a5c015fb4044896f0413d2c8d5b5) Importer(815301076,1909f56bfc062723c751e8b465ee728b)  -> (artifact id: 'd5d38d3c763a83e7ea3881a541648ce4') in 0.005912 seconds
  Import took 0.009891 seconds .

========================================================================
Received Prepare
Registering precompiled user dll's ...
Registered in 0.002319 seconds.
Begin MonoManager ReloadAssembly
Native extension for WindowsStandalone target not found
Native extension for WebGL target not found
Refreshing native plugins compatible for Editor in 0.27 ms, found 0 plugins.
Preloading 0 native plugins for Editor in 0.00 ms.
Invoked RoslynAnalysisRunner static constructor.
RoslynAnalysisRunner will not be running.
RoslynAnalysisRunner has terminated.
Mono: successfully reloaded assembly
- Completed reload, in  1.613 seconds
Platform modules already initialized, skipping
Refreshing native plugins compatible for Editor in 0.32 ms, found 0 plugins.
Preloading 0 native plugins for Editor in 0.00 ms.
Unloading 1120 Unused Serialized files (Serialized files now loaded: 0)
System memory in use before: 61.1 MB.
System memory in use after: 61.2 MB.

Unloading 4 unused Assets to reduce memory usage. Loaded Objects now: 1634.
Total: 26.590600 ms (FindLiveObjects: 1.876000 ms CreateObjectMapping: 0.119100 ms MarkObjects: 24.561600 ms  DeleteObjects: 0.030800 ms)

========================================================================
Received Import Request.
  Time since last request: 253.551036 seconds.
  path: Assets/Prefabs
  artifactKey: Guid(8738253aeb230184da382c4627d8cd4d) Importer(815301076,1909f56bfc062723c751e8b465ee728b)
Start importing Assets/Prefabs using Guid(8738253aeb230184da382c4627d8cd4d) Importer(815301076,1909f56bfc062723c751e8b465ee728b)  -> (artifact id: 'd044578f9a21782d4e42b294e65a8b57') in 0.015201 seconds
  Import took 0.023029 seconds .

========================================================================
Received Import Request.
  Time since last request: 6.917602 seconds.
  path: Assets/Prefabs/Textures
  artifactKey: Guid(a0c8509ceff9e014da20a69840f69062) Importer(815301076,1909f56bfc062723c751e8b465ee728b)
Start importing Assets/Prefabs/Textures using Guid(a0c8509ceff9e014da20a69840f69062) Importer(815301076,1909f56bfc062723c751e8b465ee728b)  -> (artifact id: '35e15493f3f8b7a0765a0fcda416b81a') in 0.014422 seconds
  Import took 0.031759 seconds .

========================================================================
Received Import Request.
  Time since last request: 29.503820 seconds.
  path: Assets/Prefabs/themask2.fbx
  artifactKey: Guid(a10baf7a4b78d7543ac5a8989ce833c9) Importer(815301076,1909f56bfc062723c751e8b465ee728b)
Start importing Assets/Prefabs/themask2.fbx using Guid(a10baf7a4b78d7543ac5a8989ce833c9) Importer(815301076,1909f56bfc062723c751e8b465ee728b)  -> (artifact id: '9894cd28b98b88cf5c0db77e7331df34') in 0.667816 seconds
  Import took 0.673508 seconds .

========================================================================
Received Import Request.
  Time since last request: 38.442734 seconds.
  path: Assets/Prefabs/themask2.fbx
  artifactKey: Guid(a10baf7a4b78d7543ac5a8989ce833c9) Importer(815301076,1909f56bfc062723c751e8b465ee728b)
Start importing Assets/Prefabs/themask2.fbx using Guid(a10baf7a4b78d7543ac5a8989ce833c9) Importer(815301076,1909f56bfc062723c751e8b465ee728b)  -> (artifact id: 'b2132987e2e13f0a33ada337b7fa7eb0') in 0.124332 seconds
  Import took 0.129162 seconds .

========================================================================
Received Import Request.
  Time since last request: 21.910321 seconds.
  path: Assets/Prefabs/themask2.fbx
  artifactKey: Guid(a10baf7a4b78d7543ac5a8989ce833c9) Importer(815301076,1909f56bfc062723c751e8b465ee728b)
Start importing Assets/Prefabs/themask2.fbx using Guid(a10baf7a4b78d7543ac5a8989ce833c9) Importer(815301076,1909f56bfc062723c751e8b465ee728b)  -> (artifact id: 'fa7e559104c62ff286aebbf7d928fc78') in 0.089404 seconds
  Import took 0.096577 seconds .

========================================================================
Received Import Request.
  Time since last request: 0.006143 seconds.
  path: Assets/Prefabs/themask2.fbx
  artifactKey: Guid(a10baf7a4b78d7543ac5a8989ce833c9) Importer(815301076,1909f56bfc062723c751e8b465ee728b)
Start importing Assets/Prefabs/themask2.fbx using Guid(a10baf7a4b78d7543ac5a8989ce833c9) Importer(815301076,1909f56bfc062723c751e8b465ee728b)  -> (artifact id: 'fa7e559104c62ff286aebbf7d928fc78') in 0.098173 seconds
  Import took 0.106228 seconds .

========================================================================
Received Import Request.
  Time since last request: 1.694788 seconds.
  path: Assets/Prefabs/Textures/GuyMaterial.mat
  artifactKey: Guid(072a2d4b0d1d804408c9ac4e0448a1a4) Importer(815301076,1909f56bfc062723c751e8b465ee728b)
Start importing Assets/Prefabs/Textures/GuyMaterial.mat using Guid(072a2d4b0d1d804408c9ac4e0448a1a4) Importer(815301076,1909f56bfc062723c751e8b465ee728b)  -> (artifact id: 'bf2772b0d4c1a5a38d444237fa63c267') in 0.031691 seconds
  Import took 0.037044 seconds .

========================================================================
Received Import Request.
  Time since last request: 10.599080 seconds.
  path: Assets/Prefabs/themask2.fbx
  artifactKey: Guid(a10baf7a4b78d7543ac5a8989ce833c9) Importer(815301076,1909f56bfc062723c751e8b465ee728b)
Start importing Assets/Prefabs/themask2.fbx using Guid(a10baf7a4b78d7543ac5a8989ce833c9) Importer(815301076,1909f56bfc062723c751e8b465ee728b)  -> (artifact id: '7dc35e27ece0e995ff0dc7a099decbce') in 0.150176 seconds
  Import took 0.159986 seconds .

========================================================================
Received Import Request.
  Time since last request: 0.607921 seconds.
  path: Assets/Prefabs/Textures/GuyTexture.png
  artifactKey: Guid(3aa819daf428d3f4399fca7291b80bd6) Importer(815301076,1909f56bfc062723c751e8b465ee728b)
Start importing Assets/Prefabs/Textures/GuyTexture.png using Guid(3aa819daf428d3f4399fca7291b80bd6) Importer(815301076,1909f56bfc062723c751e8b465ee728b)  -> (artifact id: 'ca36fad92a508f96aa9a5701f8e29e12') in 0.095314 seconds
  Import took 0.099450 seconds .

========================================================================
Received Import Request.
  Time since last request: 117.520204 seconds.
  path: Assets/Prefabs/hammer.fbx
  artifactKey: Guid(509d12543bc0f674ca28b59f67097b21) Importer(815301076,1909f56bfc062723c751e8b465ee728b)
Start importing Assets/Prefabs/hammer.fbx using Guid(509d12543bc0f674ca28b59f67097b21) Importer(815301076,1909f56bfc062723c751e8b465ee728b)  -> (artifact id: '17774cfde12a21f32d1298297264a7b7') in 0.096561 seconds
  Import took 0.110944 seconds .

========================================================================
Received Import Request.
  Time since last request: 0.000500 seconds.
  path: Assets/Prefabs/hammer.png
  artifactKey: Guid(1b071de85e804e243ac6b106f8c95c89) Importer(815301076,1909f56bfc062723c751e8b465ee728b)
Start importing Assets/Prefabs/hammer.png using Guid(1b071de85e804e243ac6b106f8c95c89) Importer(815301076,1909f56bfc062723c751e8b465ee728b)  -> (artifact id: 'b2ec4e86763c86f3fc6defb557c6f313') in 0.039393 seconds
  Import took 0.047713 seconds .

========================================================================
Received Import Request.
  Time since last request: 0.000959 seconds.
  path: Assets/Prefabs/hammer.fbx
  artifactKey: Guid(509d12543bc0f674ca28b59f67097b21) Importer(815301076,1909f56bfc062723c751e8b465ee728b)
Start importing Assets/Prefabs/hammer.fbx using Guid(509d12543bc0f674ca28b59f67097b21) Importer(815301076,1909f56bfc062723c751e8b465ee728b)  -> (artifact id: '17774cfde12a21f32d1298297264a7b7') in 0.057480 seconds
  Import took 0.062079 seconds .

========================================================================
Received Import Request.
  Time since last request: 2.400310 seconds.
  path: Assets/Prefabs/hammer.fbx
  artifactKey: Guid(509d12543bc0f674ca28b59f67097b21) Importer(815301076,1909f56bfc062723c751e8b465ee728b)
Start importing Assets/Prefabs/hammer.fbx using Guid(509d12543bc0f674ca28b59f67097b21) Importer(815301076,1909f56bfc062723c751e8b465ee728b)  -> (artifact id: '258200df95ab94ace7531b3ecfc10cbf') in 0.096560 seconds
  Import took 0.117333 seconds .

========================================================================
Received Import Request.
  Time since last request: 25.970066 seconds.
  path: Assets/Prefabs/hammer.fbx
  artifactKey: Guid(509d12543bc0f674ca28b59f67097b21) Importer(815301076,1909f56bfc062723c751e8b465ee728b)
Start importing Assets/Prefabs/hammer.fbx using Guid(509d12543bc0f674ca28b59f67097b21) Importer(815301076,1909f56bfc062723c751e8b465ee728b)  -> (artifact id: 'cfbc4c24159d46a81f13270633e0c9e8') in 0.141925 seconds
  Import took 0.157346 seconds .

========================================================================
Received Import Request.
  Time since last request: 8.750764 seconds.
  path: Assets/Materials
  artifactKey: Guid(edc1033a9bd41b640a4eb7205c353a49) Importer(815301076,1909f56bfc062723c751e8b465ee728b)
Start importing Assets/Materials using Guid(edc1033a9bd41b640a4eb7205c353a49) Importer(815301076,1909f56bfc062723c751e8b465ee728b)  -> (artifact id: '0d4aca858b91418f1e0b44a91d2dcb01') in 0.009901 seconds
  Import took 0.015478 seconds .

========================================================================
Received Import Request.
  Time since last request: 0.083358 seconds.
  path: Assets/Materials/Black.mat
  artifactKey: Guid(02e3406d6dabb7c4ca8290055101c364) Importer(815301076,1909f56bfc062723c751e8b465ee728b)
Start importing Assets/Materials/Black.mat using Guid(02e3406d6dabb7c4ca8290055101c364) Importer(815301076,1909f56bfc062723c751e8b465ee728b)  -> (artifact id: '25d1ffcaba2ab5b190b0996c4edc4f2b') in 0.017597 seconds
  Import took 0.021088 seconds .

========================================================================
Received Import Request.
  Time since last request: 0.000424 seconds.
  path: Assets/Materials/Green.mat
  artifactKey: Guid(7552a10c7873827458fc9ca806fa065e) Importer(815301076,1909f56bfc062723c751e8b465ee728b)
Start importing Assets/Materials/Green.mat using Guid(7552a10c7873827458fc9ca806fa065e) Importer(815301076,1909f56bfc062723c751e8b465ee728b)  -> (artifact id: '3ed3635a508e4e04ff72f3fa1c46751f') in 0.021465 seconds
  Import took 0.027358 seconds .

========================================================================
Received Import Request.
  Time since last request: 0.000877 seconds.
  path: Assets/Materials/Yellow.mat
  artifactKey: Guid(ec9874652b4a91644b74a689dfede425) Importer(815301076,1909f56bfc062723c751e8b465ee728b)
Start importing Assets/Materials/Yellow.mat using Guid(ec9874652b4a91644b74a689dfede425) Importer(815301076,1909f56bfc062723c751e8b465ee728b)  -> (artifact id: 'f56c9380ecdfb023fb5d29fb4aab0b81') in 0.029701 seconds
  Import took 0.033739 seconds .

========================================================================
Received Import Request.
  Time since last request: 0.000420 seconds.
  path: Assets/Materials/Blue.mat
  artifactKey: Guid(37a92b55b3a3c1f4c87fb4b035fde6be) Importer(815301076,1909f56bfc062723c751e8b465ee728b)
Start importing Assets/Materials/Blue.mat using Guid(37a92b55b3a3c1f4c87fb4b035fde6be) Importer(815301076,1909f56bfc062723c751e8b465ee728b)  -> (artifact id: '44416938de6ff5951385e6ac980f88dd') in 0.028174 seconds
  Import took 0.032827 seconds .

========================================================================
Received Import Request.
  Time since last request: 0.000391 seconds.
  path: Assets/Materials/Purple.mat
  artifactKey: Guid(a04c09dc48ed7bd408837033af0e13d6) Importer(815301076,1909f56bfc062723c751e8b465ee728b)
Start importing Assets/Materials/Purple.mat using Guid(a04c09dc48ed7bd408837033af0e13d6) Importer(815301076,1909f56bfc062723c751e8b465ee728b)  -> (artifact id: 'a0d1f1f49a5a88edb1d3fa1affc21a32') in 0.026642 seconds
  Import took 0.030847 seconds .

========================================================================
Received Import Request.
  Time since last request: 0.000442 seconds.
  path: Assets/Materials/Red.mat
  artifactKey: Guid(737b1cda4783b954598cc0f45f855390) Importer(815301076,1909f56bfc062723c751e8b465ee728b)
Start importing Assets/Materials/Red.mat using Guid(737b1cda4783b954598cc0f45f855390) Importer(815301076,1909f56bfc062723c751e8b465ee728b)  -> (artifact id: '37597be52a2bc0f36b4ea84f1a2787e7') in 0.029113 seconds
  Import took 0.035461 seconds .

========================================================================
Received Import Request.
  Time since last request: 0.000472 seconds.
  path: Assets/Materials/Orange.mat
  artifactKey: Guid(cb3b28a95415d274e8459c23d166c64e) Importer(815301076,1909f56bfc062723c751e8b465ee728b)
Start importing Assets/Materials/Orange.mat using Guid(cb3b28a95415d274e8459c23d166c64e) Importer(815301076,1909f56bfc062723c751e8b465ee728b)  -> (artifact id: '9e11da615b08dcda0fe1f4831a062f8a') in 0.025850 seconds
  Import took 0.031012 seconds .

========================================================================
Received Import Request.
  Time since last request: 0.007864 seconds.
  path: Assets/Materials/Orange.mat
  artifactKey: Guid(cb3b28a95415d274e8459c23d166c64e) Importer(815301076,1909f56bfc062723c751e8b465ee728b)
Start importing Assets/Materials/Orange.mat using Guid(cb3b28a95415d274e8459c23d166c64e) Importer(815301076,1909f56bfc062723c751e8b465ee728b)  -> (artifact id: '9e11da615b08dcda0fe1f4831a062f8a') in 0.022743 seconds
  Import took 0.028726 seconds .

========================================================================
Received Import Request.
  Time since last request: 9.819368 seconds.
  path: Assets/Prefabs/hammer.fbx
  artifactKey: Guid(509d12543bc0f674ca28b59f67097b21) Importer(815301076,1909f56bfc062723c751e8b465ee728b)
Start importing Assets/Prefabs/hammer.fbx using Guid(509d12543bc0f674ca28b59f67097b21) Importer(815301076,1909f56bfc062723c751e8b465ee728b)  -> (artifact id: 'c2c8cb1e5b7cc414afcc29c060081ca6') in 0.061956 seconds
  Import took 0.068137 seconds .

========================================================================
Received Import Request.
  Time since last request: 5.022127 seconds.
  path: Assets/Prefabs/hammer.fbx
  artifactKey: Guid(509d12543bc0f674ca28b59f67097b21) Importer(815301076,1909f56bfc062723c751e8b465ee728b)
Start importing Assets/Prefabs/hammer.fbx using Guid(509d12543bc0f674ca28b59f67097b21) Importer(815301076,1909f56bfc062723c751e8b465ee728b)  -> (artifact id: 'b1191ef45c360b5d821da813bdee1b2b') in 0.053618 seconds
  Import took 0.060831 seconds .

========================================================================
Received Import Request.
  Time since last request: 0.651702 seconds.
  path: Assets/Prefabs/Textures/hammer 1.png
  artifactKey: Guid(981d7297702cf1644aa4c141e7ece6cd) Importer(815301076,1909f56bfc062723c751e8b465ee728b)
Start importing Assets/Prefabs/Textures/hammer 1.png using Guid(981d7297702cf1644aa4c141e7ece6cd) Importer(815301076,1909f56bfc062723c751e8b465ee728b)  -> (artifact id: '42407572bd9a28176f9c37696f1e8b32') in 0.016977 seconds
  Import took 0.022163 seconds .

========================================================================
Received Import Request.
  Time since last request: 0.000448 seconds.
  path: Assets/Prefabs/Textures/Material.003.mat
  artifactKey: Guid(70650b827f9bc6d448b02026fb59c86b) Importer(815301076,1909f56bfc062723c751e8b465ee728b)
Start importing Assets/Prefabs/Textures/Material.003.mat using Guid(70650b827f9bc6d448b02026fb59c86b) Importer(815301076,1909f56bfc062723c751e8b465ee728b)  -> (artifact id: '6b37eb9c6657b3e2150416ae66257836') in 0.030378 seconds
  Import took 0.035938 seconds .

========================================================================
Received Import Request.
  Time since last request: 0.000657 seconds.
  path: Assets/Prefabs/Textures/Material.001.mat
  artifactKey: Guid(3efd1287adff9a44d8df0c51571f5387) Importer(815301076,1909f56bfc062723c751e8b465ee728b)
Start importing Assets/Prefabs/Textures/Material.001.mat using Guid(3efd1287adff9a44d8df0c51571f5387) Importer(815301076,1909f56bfc062723c751e8b465ee728b)  -> (artifact id: 'c1792889c126fe6d570f1b34988229ed') in 0.026875 seconds
  Import took 0.031225 seconds .

========================================================================
Received Import Request.
  Time since last request: 13.292139 seconds.
  path: Assets/Physics Materials
  artifactKey: Guid(e3172e1d9e444ff4ebf630a69bf51199) Importer(815301076,1909f56bfc062723c751e8b465ee728b)
Start importing Assets/Physics Materials using Guid(e3172e1d9e444ff4ebf630a69bf51199) Importer(815301076,1909f56bfc062723c751e8b465ee728b)  -> (artifact id: 'db6b132edc2d5ad40fd13963ae4f38c4') in 0.014114 seconds
  Import took 0.019022 seconds .

========================================================================
Received Prepare
Registering precompiled user dll's ...
Registered in 0.002107 seconds.
Begin MonoManager ReloadAssembly
Native extension for WindowsStandalone target not found
Native extension for WebGL target not found
Refreshing native plugins compatible for Editor in 0.54 ms, found 0 plugins.
Preloading 0 native plugins for Editor in 0.00 ms.
Invoked RoslynAnalysisRunner static constructor.
RoslynAnalysisRunner will not be running.
RoslynAnalysisRunner has terminated.
Mono: successfully reloaded assembly
- Completed reload, in  1.843 seconds
Platform modules already initialized, skipping
Refreshing native plugins compatible for Editor in 0.37 ms, found 0 plugins.
Preloading 0 native plugins for Editor in 0.00 ms.
Unloading 1120 Unused Serialized files (Serialized files now loaded: 0)
System memory in use before: 75.1 MB.
System memory in use after: 75.2 MB.

Unloading 4 unused Assets to reduce memory usage. Loaded Objects now: 1676.
Total: 2.802200 ms (FindLiveObjects: 0.532600 ms CreateObjectMapping: 0.089800 ms MarkObjects: 2.139700 ms  DeleteObjects: 0.036900 ms)

========================================================================
Received Import Request.
  Time since last request: 829.952884 seconds.
  path: Assets
  artifactKey: Guid(00000000000000001000000000000000) Importer(815301076,1909f56bfc062723c751e8b465ee728b)
Start importing Assets using Guid(00000000000000001000000000000000) Importer(815301076,1909f56bfc062723c751e8b465ee728b)  -> (artifact id: 'b2e0e235c0f4af3754229b664788db90') in 0.015731 seconds
  Import took 0.020054 seconds .

========================================================================
Received Import Request.
  Time since last request: 5.094046 seconds.
  path: Assets/Animation
  artifactKey: Guid(3d42e913114d03440a8c0563444b3c5c) Importer(815301076,1909f56bfc062723c751e8b465ee728b)
Start importing Assets/Animation using Guid(3d42e913114d03440a8c0563444b3c5c) Importer(815301076,1909f56bfc062723c751e8b465ee728b)  -> (artifact id: 'ea183f61d175d7bcb20d09213603d0d7') in 0.008650 seconds
  Import took 0.014725 seconds .

========================================================================
Received Import Request.
  Time since last request: 21.226161 seconds.
  path: Assets/Animation/animtor.controller
  artifactKey: Guid(a71c5629ad314b04b821ce7fd601e02b) Importer(815301076,1909f56bfc062723c751e8b465ee728b)
Start importing Assets/Animation/animtor.controller using Guid(a71c5629ad314b04b821ce7fd601e02b) Importer(815301076,1909f56bfc062723c751e8b465ee728b)  -> (artifact id: 'f6b8c7d0e84650f4250b8cb684c4ebc9') in 0.068781 seconds
  Import took 0.072284 seconds .

========================================================================
Received Import Request.
  Time since last request: 2.924294 seconds.
  path: Assets/Animation/animator.controller
  artifactKey: Guid(a71c5629ad314b04b821ce7fd601e02b) Importer(815301076,1909f56bfc062723c751e8b465ee728b)
Start importing Assets/Animation/animator.controller using Guid(a71c5629ad314b04b821ce7fd601e02b) Importer(815301076,1909f56bfc062723c751e8b465ee728b)  -> (artifact id: '9bbda34777d6d054d129ddb7c7159624') in 0.009917 seconds
  Import took 0.020996 seconds .

========================================================================
Received Import Request.
  Time since last request: 173.292158 seconds.
  path: Assets/Prefabs/themask2.fbx
  artifactKey: Guid(a10baf7a4b78d7543ac5a8989ce833c9) Importer(815301076,1909f56bfc062723c751e8b465ee728b)
Start importing Assets/Prefabs/themask2.fbx using Guid(a10baf7a4b78d7543ac5a8989ce833c9) Importer(815301076,1909f56bfc062723c751e8b465ee728b)  -> (artifact id: '6a2b27cc077ce5cfae95880f00e77a1d') in 0.247664 seconds
  Import took 0.251661 seconds .

========================================================================
Received Import Request.
  Time since last request: 6.288851 seconds.
  path: Assets/Prefabs/themask2.fbx
  artifactKey: Guid(a10baf7a4b78d7543ac5a8989ce833c9) Importer(815301076,1909f56bfc062723c751e8b465ee728b)
Start importing Assets/Prefabs/themask2.fbx using Guid(a10baf7a4b78d7543ac5a8989ce833c9) Importer(815301076,1909f56bfc062723c751e8b465ee728b)  -> (artifact id: '7dc47cd244cc429e6d596a3c9f4ce48f') in 0.101842 seconds
  Import took 0.106192 seconds .

========================================================================
Received Import Request.
  Time since last request: 37.025798 seconds.
  path: Assets/Prefabs/themask2.fbx
  artifactKey: Guid(a10baf7a4b78d7543ac5a8989ce833c9) Importer(815301076,1909f56bfc062723c751e8b465ee728b)
Start importing Assets/Prefabs/themask2.fbx using Guid(a10baf7a4b78d7543ac5a8989ce833c9) Importer(815301076,1909f56bfc062723c751e8b465ee728b)  -> (artifact id: '86905feaa0a61f1a812f16a5ede3e1e3') in 0.175675 seconds
  Import took 0.185200 seconds .

========================================================================
Received Prepare
Registering precompiled user dll's ...
Registered in 0.002180 seconds.
Begin MonoManager ReloadAssembly
Native extension for WindowsStandalone target not found
Native extension for WebGL target not found
Refreshing native plugins compatible for Editor in 0.29 ms, found 0 plugins.
Preloading 0 native plugins for Editor in 0.00 ms.
Invoked RoslynAnalysisRunner static constructor.
RoslynAnalysisRunner will not be running.
RoslynAnalysisRunner has terminated.
Mono: successfully reloaded assembly
- Completed reload, in  1.574 seconds
Platform modules already initialized, skipping
Refreshing native plugins compatible for Editor in 0.33 ms, found 0 plugins.
Preloading 0 native plugins for Editor in 0.00 ms.
Unloading 1120 Unused Serialized files (Serialized files now loaded: 0)
System memory in use before: 75.1 MB.
System memory in use after: 75.2 MB.

Unloading 4 unused Assets to reduce memory usage. Loaded Objects now: 1680.
Total: 2.118900 ms (FindLiveObjects: 0.243900 ms CreateObjectMapping: 0.052700 ms MarkObjects: 1.788500 ms  DeleteObjects: 0.031800 ms)

========================================================================
Received Import Request.
  Time since last request: 476.766578 seconds.
  path: Assets/Animation/animator.controller
  artifactKey: Guid(a71c5629ad314b04b821ce7fd601e02b) Importer(815301076,1909f56bfc062723c751e8b465ee728b)
Start importing Assets/Animation/animator.controller using Guid(a71c5629ad314b04b821ce7fd601e02b) Importer(815301076,1909f56bfc062723c751e8b465ee728b)  -> (artifact id: 'c2c1e657d583fbc73542da8fb25884bc') in 0.042662 seconds
  Import took 0.046531 seconds .

========================================================================
Received Prepare
Registering precompiled user dll's ...
Registered in 0.001824 seconds.
Begin MonoManager ReloadAssembly
Native extension for WindowsStandalone target not found
Native extension for WebGL target not found
Refreshing native plugins compatible for Editor in 0.26 ms, found 0 plugins.
Preloading 0 native plugins for Editor in 0.00 ms.
Invoked RoslynAnalysisRunner static constructor.
RoslynAnalysisRunner will not be running.
RoslynAnalysisRunner has terminated.
Mono: successfully reloaded assembly
- Completed reload, in  1.545 seconds
Platform modules already initialized, skipping
Refreshing native plugins compatible for Editor in 0.36 ms, found 0 plugins.
Preloading 0 native plugins for Editor in 0.00 ms.
Unloading 1120 Unused Serialized files (Serialized files now loaded: 0)
System memory in use before: 75.1 MB.
System memory in use after: 75.2 MB.

Unloading 4 unused Assets to reduce memory usage. Loaded Objects now: 1683.
Total: 2.502000 ms (FindLiveObjects: 0.270200 ms CreateObjectMapping: 0.150700 ms MarkObjects: 2.055100 ms  DeleteObjects: 0.024100 ms)

